
--- Module:   C:\qp_lab\qpn\source\qfn.c (C)

--- Module:   C:\qp_lab\qpn\source\qkn.c (C)

/// Start of Pass 2 ///

--- Module:   C:\qp_lab\qpn\source\qfn.c (C)

--- Module:   C:\qp_lab\qpn\source\qkn.c (C)

--- Global Wrap-up

"C:\qp_lab\qpn\ports\lint\stdint.h" 29 1 Info 756: global typedef 'uint16_t' (line 29, file C:\qp_lab\qpn\ports\lint\stdint.h) not referenced
"C:\qp_lab\qpn\ports\lint\stdint.h" 31 1 Info 756: global typedef 'uint64_t' (line 31, file C:\qp_lab\qpn\ports\lint\stdint.h) not referenced
"C:\qp_lab\qpn\ports\lint\stdint.h" 39 1 Info 756: global typedef 'uint_fast32_t' (line 39, file C:\qp_lab\qpn\ports\lint\stdint.h) not referenced
"C:\qp_lab\qpn\ports\lint\stdint.h" 26 1 Info 756: global typedef 'int64_t' (line 26, file C:\qp_lab\qpn\ports\lint\stdint.h) not referenced
"C:\qp_lab\qpn\include\qepn.h" 84 1 Info 756: global typedef 'float32_t' (line 84, file C:\qp_lab\qpn\include\qepn.h) not referenced
"C:\qp_lab\qpn\include\qepn.h" 91 1 Info 756: global typedef 'float64_t' (line 91, file C:\qp_lab\qpn\include\qepn.h) not referenced
"C:\qp_lab\qpn\ports\lint\stdint.h" 23 1 Info 756: global typedef 'int8_t' (line 23, file C:\qp_lab\qpn\ports\lint\stdint.h) not referenced
"C:\qp_lab\qpn\ports\lint\qkn\qfn_port.h" 145 1 Warning 526: Symbol 'QK_init(void)' (line 145, file C:\qp_lab\qpn\ports\lint\qkn\qfn_port.h, module C:\qp_lab\qpn\source\qfn.c) not defined
 Note 960: Violates MISRA 2004 Required Rule 8.9, undefined symbol: 'QK_init' 
"C:\qp_lab\qpn\include\qfn.h" 352 1 Warning 526: Symbol 'QF_onStartup(void)' (line 352, file C:\qp_lab\qpn\include\qfn.h, module C:\qp_lab\qpn\source\qfn.c) not defined
 Note 960: Violates MISRA 2004 Required Rule 8.9, undefined symbol: 'QF_onStartup' 
"C:\qp_lab\qpn\include\qepn.h" 434 1 Info 757: global declarator 'QP_versionStr' (line 434, file C:\qp_lab\qpn\include\qepn.h) not referenced
 Note 960: Violates MISRA 2004 Required Rule 8.9, undefined symbol: 'QP_versionStr' 
"C:\qp_lab\qpn\include\qfn.h" 378 1 Warning 526: Symbol 'QF_active' (line 378, file C:\qp_lab\qpn\include\qfn.h, module C:\qp_lab\qpn\source\qfn.c) not defined
"C:\qp_lab\qpn\source\qkn.c" 128 1 Info 759: header declaration for symbol 'QF_run(void)' defined at (line 128, file C:\qp_lab\qpn\source\qkn.c) could be moved from header to module
"C:\qp_lab\qpn\source\qkn.c" 128 1 Info 765: external 'QF_run(void)' (line 128, file C:\qp_lab\qpn\source\qkn.c) could be made static [MISRA 2004 Rule 8.10, required]
"C:\qp_lab\qpn\source\qkn.c" 128 1 Info 714: Symbol 'QF_run(void)' (line 128, file C:\qp_lab\qpn\source\qkn.c) not referenced
"C:\qp_lab\qpn\source\qfn.c" 444 1 Info 759: header declaration for symbol 'QActive_armX(QActive *, uint_fast8_t, QTimeEvtCtr, QTimeEvtCtr)' defined at (line 444, file C:\qp_lab\qpn\source\qfn.c) could be moved from header to module
"C:\qp_lab\qpn\source\qfn.c" 444 1 Info 765: external 'QActive_armX(QActive *, uint_fast8_t, QTimeEvtCtr, QTimeEvtCtr)' (line 444, file C:\qp_lab\qpn\source\qfn.c) could be made static [MISRA 2004 Rule 8.10, required]
"C:\qp_lab\qpn\source\qfn.c" 444 1 Info 714: Symbol 'QActive_armX(QActive *, uint_fast8_t, QTimeEvtCtr, QTimeEvtCtr)' (line 444, file C:\qp_lab\qpn\source\qfn.c) not referenced
"C:\qp_lab\qpn\source\qfn.c" 98 1 Info 759: header declaration for symbol 'QActive_ctor(QActive *, QStateHandler)' defined at (line 98, file C:\qp_lab\qpn\source\qfn.c) could be moved from header to module
"C:\qp_lab\qpn\source\qfn.c" 98 1 Info 765: external 'QActive_ctor(QActive *, QStateHandler)' (line 98, file C:\qp_lab\qpn\source\qfn.c) could be made static [MISRA 2004 Rule 8.10, required]
"C:\qp_lab\qpn\source\qfn.c" 98 1 Info 714: Symbol 'QActive_ctor(QActive *, QStateHandler)' (line 98, file C:\qp_lab\qpn\source\qfn.c) not referenced
"C:\qp_lab\qpn\source\qfn.c" 223 1 Info 759: header declaration for symbol 'QActive_postXISR_(QActive *, uint_fast8_t, enum_t, QParam)' defined at (line 223, file C:\qp_lab\qpn\source\qfn.c) could be moved from header to module
"C:\qp_lab\qpn\source\qfn.c" 223 1 Info 765: external 'QActive_postXISR_(QActive *, uint_fast8_t, enum_t, QParam)' (line 223, file C:\qp_lab\qpn\source\qfn.c) could be made static [MISRA 2004 Rule 8.10, required]
"C:\qp_lab\qpn\source\qfn.c" 477 1 Info 759: header declaration for symbol 'QActive_disarmX(QActive *, uint_fast8_t)' defined at (line 477, file C:\qp_lab\qpn\source\qfn.c) could be moved from header to module
"C:\qp_lab\qpn\source\qfn.c" 477 1 Info 765: external 'QActive_disarmX(QActive *, uint_fast8_t)' (line 477, file C:\qp_lab\qpn\source\qfn.c) could be made static [MISRA 2004 Rule 8.10, required]
"C:\qp_lab\qpn\source\qfn.c" 477 1 Info 714: Symbol 'QActive_disarmX(QActive *, uint_fast8_t)' (line 477, file C:\qp_lab\qpn\source\qfn.c) not referenced
"C:\qp_lab\qpn\source\qfn.c" 145 1 Info 759: header declaration for symbol 'QActive_postX_(QActive *, uint_fast8_t, enum_t, QParam)' defined at (line 145, file C:\qp_lab\qpn\source\qfn.c) could be moved from header to module
"C:\qp_lab\qpn\source\qfn.c" 145 1 Info 765: external 'QActive_postX_(QActive *, uint_fast8_t, enum_t, QParam)' (line 145, file C:\qp_lab\qpn\source\qfn.c) could be made static [MISRA 2004 Rule 8.10, required]
"C:\qp_lab\qpn\include\qfn.h" 341 1 Info 757: global declarator 'QF_stop(void)' (line 341, file C:\qp_lab\qpn\include\qfn.h) not referenced
 Note 960: Violates MISRA 2004 Required Rule 8.9, undefined symbol: 'QF_stop' 
"C:\qp_lab\qpn\include\qepn.h" 244 1 Info 757: global declarator 'QHsm_childState_(QHsm *, QStateHandler)' (line 244, file C:\qp_lab\qpn\include\qepn.h) not referenced
 Note 960: Violates MISRA 2004 Required Rule 8.9, undefined symbol: 'QHsm_childState_' 
"C:\qp_lab\qpn\include\qepn.h" 223 1 Warning 526: Symbol 'QHsm_ctor(QHsm *, QStateHandler)' (line 223, file C:\qp_lab\qpn\include\qepn.h, module C:\qp_lab\qpn\source\qfn.c) not defined
 Note 960: Violates MISRA 2004 Required Rule 8.9, undefined symbol: 'QHsm_ctor' 
"C:\qp_lab\qpn\include\qepn.h" 251 1 Warning 526: Symbol 'QHsm_dispatch_(QHsm *)' (line 251, file C:\qp_lab\qpn\include\qepn.h, module C:\qp_lab\qpn\source\qfn.c) not defined
 Note 960: Violates MISRA 2004 Required Rule 8.9, undefined symbol: 'QHsm_dispatch_' 
"C:\qp_lab\qpn\include\qepn.h" 248 1 Warning 526: Symbol 'QHsm_init_(QHsm *)' (line 248, file C:\qp_lab\qpn\include\qepn.h, module C:\qp_lab\qpn\source\qfn.c) not defined
 Note 960: Violates MISRA 2004 Required Rule 8.9, undefined symbol: 'QHsm_init_' 
"C:\qp_lab\qpn\include\qepn.h" 254 1 Info 757: global declarator 'QHsm_top(const void *)' (line 254, file C:\qp_lab\qpn\include\qepn.h) not referenced
 Note 960: Violates MISRA 2004 Required Rule 8.9, undefined symbol: 'QHsm_top' 
"C:\qp_lab\qpn\source\qfn.c" 380 1 Info 759: header declaration for symbol 'QF_tickXISR(uint_fast8_t)' defined at (line 380, file C:\qp_lab\qpn\source\qfn.c) could be moved from header to module
"C:\qp_lab\qpn\source\qfn.c" 380 1 Info 765: external 'QF_tickXISR(uint_fast8_t)' (line 380, file C:\qp_lab\qpn\source\qfn.c) could be made static [MISRA 2004 Rule 8.10, required]
"C:\qp_lab\qpn\source\qfn.c" 380 1 Info 714: Symbol 'QF_tickXISR(uint_fast8_t)' (line 380, file C:\qp_lab\qpn\source\qfn.c) not referenced
"C:\qp_lab\qpn\source\qfn.c" 85 1 Info 759: header declaration for symbol 'QF_timerSetX_' defined at (line 85, file C:\qp_lab\qpn\source\qfn.c) could be moved from header to module
"C:\qp_lab\qpn\source\qfn.c" 85 1 Info 765: external 'QF_timerSetX_' (line 85, file C:\qp_lab\qpn\source\qfn.c) could be made static [MISRA 2004 Rule 8.10, required]
"C:\qp_lab\qpn\source\qfn.c" 85 1 Warning 552: Symbol 'QF_timerSetX_' (line 85, file C:\qp_lab\qpn\source\qfn.c) not accessed
"C:\qp_lab\qpn\include\qkn.h" 108 1 Warning 526: Symbol 'QK_onIdle(void)' (line 108, file C:\qp_lab\qpn\include\qkn.h, module C:\qp_lab\qpn\source\qfn.c) not defined
 Note 960: Violates MISRA 2004 Required Rule 8.9, undefined symbol: 'QK_onIdle' 
"C:\qp_lab\qpn\ports\lint\qkn\qfn_port.h" 147 1 Warning 526: Symbol 'int_disable(void)' (line 147, file C:\qp_lab\qpn\ports\lint\qkn\qfn_port.h, module C:\qp_lab\qpn\source\qfn.c) not defined
 Note 960: Violates MISRA 2004 Required Rule 8.9, undefined symbol: 'int_disable' 
"C:\qp_lab\qpn\ports\lint\qkn\qfn_port.h" 148 1 Warning 526: Symbol 'int_enable(void)' (line 148, file C:\qp_lab\qpn\ports\lint\qkn\qfn_port.h, module C:\qp_lab\qpn\source\qfn.c) not defined
 Note 960: Violates MISRA 2004 Required Rule 8.9, undefined symbol: 'int_enable' 
"C:\qp_lab\qpn\ports\lint\stdint.h" 36 1 Info 756: global typedef 'int_fast16_t' (line 36, file C:\qp_lab\qpn\ports\lint\stdint.h) not referenced
"C:\qp_lab\qpn\ports\lint\stdint.h" 38 1 Info 756: global typedef 'int_fast32_t' (line 38, file C:\qp_lab\qpn\ports\lint\stdint.h) not referenced
"C:\qp_lab\qpn\ports\lint\stdint.h" 34 1 Info 756: global typedef 'int_fast8_t' (line 34, file C:\qp_lab\qpn\ports\lint\stdint.h) not referenced
"C:\qp_lab\qpn\ports\lint\stdint.h" 24 1 Info 756: global typedef 'int16_t' (line 24, file C:\qp_lab\qpn\ports\lint\stdint.h) not referenced
"C:\qp_lab\qpn\include\qassert.h" 223 1 Warning 526: Symbol 'Q_onAssert(const char_t *, int_t)' (line 223, file C:\qp_lab\qpn\include\qassert.h, module C:\qp_lab\qpn\source\qfn.c) not defined
 Note 960: Violates MISRA 2004 Required Rule 8.9, undefined symbol: 'Q_onAssert' 
"C:\qp_lab\qpn\ports\lint\stdint.h" 25 1 Info 756: global typedef 'int32_t' (line 25, file C:\qp_lab\qpn\ports\lint\stdint.h) not referenced
"C:\qp_lab\qpn\source\qfn.c" 297 1 Info 759: header declaration for symbol 'QF_init(uint_fast8_t)' defined at (line 297, file C:\qp_lab\qpn\source\qfn.c) could be moved from header to module
"C:\qp_lab\qpn\source\qfn.c" 297 1 Info 765: external 'QF_init(uint_fast8_t)' (line 297, file C:\qp_lab\qpn\source\qfn.c) could be made static [MISRA 2004 Rule 8.10, required]
"C:\qp_lab\qpn\source\qfn.c" 297 1 Info 714: Symbol 'QF_init(uint_fast8_t)' (line 297, file C:\qp_lab\qpn\source\qfn.c) not referenced
"C:\qp_lab\qpn\include\qfn.h" 407 1 Info 757: global declarator 'QF_invPow2Lkup' (line 407, file C:\qp_lab\qpn\include\qfn.h) not referenced
"C:\qp_lab\qpn\include\qepn.h" 58 1 Info 755: global macro 'QP_RELEASE' (line 58, file C:\qp_lab\qpn\include\qepn.h) not referenced
"C:\qp_lab\qpn\include\qepn.h" 343 1 Info 755: global macro 'Q_UNHANDLED' (line 343, file C:\qp_lab\qpn\include\qepn.h) not referenced
"C:\qp_lab\qpn\include\qassert.h" 256 1 Info 755: global macro 'Q_ENSURE' (line 256, file C:\qp_lab\qpn\include\qassert.h) not referenced
"C:\qp_lab\qpn\include\qassert.h" 267 1 Info 755: global macro 'Q_ENSURE_ID' (line 267, file C:\qp_lab\qpn\include\qassert.h) not referenced
"C:\qp_lab\qpn\ports\lint\qkn\qfn_port.h" 127 1 Info 755: global macro 'QK_ISR_ENTRY' (line 127, file C:\qp_lab\qpn\ports\lint\qkn\qfn_port.h) not referenced
"C:\qp_lab\qpn\ports\lint\qkn\qfn_port.h" 130 1 Info 755: global macro 'QK_ISR_EXIT' (line 130, file C:\qp_lab\qpn\ports\lint\qkn\qfn_port.h) not referenced
"C:\qp_lab\qpn\include\qassert.h" 112 1 Info 755: global macro 'Q_ASSERT' (line 112, file C:\qp_lab\qpn\include\qassert.h) not referenced
"C:\qp_lab\qpn\include\qassert.h" 301 1 Info 755: global macro 'Q_ASSERT_COMPILE' (line 301, file C:\qp_lab\qpn\include\qassert.h) not referenced
"C:\qp_lab\qpn\include\qepn.h" 49 1 Info 755: global macro 'QP_VERSION' (line 49, file C:\qp_lab\qpn\include\qepn.h) not referenced
"C:\qp_lab\qpn\include\qepn.h" 55 1 Info 755: global macro 'QP_VERSION_STR' (line 55, file C:\qp_lab\qpn\include\qepn.h) not referenced
"C:\qp_lab\qpn\include\qepn.h" 314 1 Info 755: global macro 'Q_TRAN' (line 314, file C:\qp_lab\qpn\include\qepn.h) not referenced
"C:\qp_lab\qpn\include\qepn.h" 323 1 Info 755: global macro 'Q_TRAN_HIST' (line 323, file C:\qp_lab\qpn\include\qepn.h) not referenced
"C:\qp_lab\qpn\include\qepn.h" 307 1 Info 755: global macro 'Q_STATE_CAST' (line 307, file C:\qp_lab\qpn\include\qepn.h) not referenced
"C:\qp_lab\qpn\include\qepn.h" 437 1 Info 755: global macro 'QP_getVersion' (line 437, file C:\qp_lab\qpn\include\qepn.h) not referenced
"C:\qp_lab\qpn\include\qassert.h" 171 1 Info 755: global macro 'Q_ERROR' (line 171, file C:\qp_lab\qpn\include\qassert.h) not referenced
"C:\qp_lab\qpn\include\qassert.h" 187 1 Info 755: global macro 'Q_ERROR_ID' (line 187, file C:\qp_lab\qpn\include\qassert.h) not referenced
"C:\qp_lab\qpn\include\qassert.h" 277 1 Info 755: global macro 'Q_INVARIANT' (line 277, file C:\qp_lab\qpn\include\qassert.h) not referenced
"C:\qp_lab\qpn\include\qassert.h" 288 1 Info 755: global macro 'Q_INVARIANT_ID' (line 288, file C:\qp_lab\qpn\include\qassert.h) not referenced
"C:\qp_lab\qpn\include\qassert.h" 237 1 Info 755: global macro 'Q_REQUIRE' (line 237, file C:\qp_lab\qpn\include\qassert.h) not referenced
"C:\qp_lab\qpn\include\qepn.h" 332 1 Info 755: global macro 'Q_SUPER' (line 332, file C:\qp_lab\qpn\include\qepn.h) not referenced
"C:\qp_lab\qpn\include\qfn.h" 195 1 Info 755: global macro 'QACTIVE_POST' (line 195, file C:\qp_lab\qpn\include\qfn.h) not referenced
"C:\qp_lab\qpn\include\qfn.h" 221 1 Info 755: global macro 'QACTIVE_POST_X' (line 221, file C:\qp_lab\qpn\include\qfn.h) not referenced
"C:\qp_lab\qpn\include\qfn.h" 269 1 Info 755: global macro 'QACTIVE_POST_X_ISR' (line 269, file C:\qp_lab\qpn\include\qfn.h) not referenced
"C:\qp_lab\qpn\include\qepn.h" 241 1 Info 755: global macro 'QHsm_childState' (line 241, file C:\qp_lab\qpn\include\qepn.h) not referenced
"C:\qp_lab\qpn\include\qepn.h" 231 1 Info 755: global macro 'QHsm_state' (line 231, file C:\qp_lab\qpn\include\qepn.h) not referenced
"C:\qp_lab\qpn\include\qassert.h" 80 1 Info 755: global macro 'Q_DEFINE_THIS_FILE' (line 80, file C:\qp_lab\qpn\include\qassert.h) not referenced
"C:\qp_lab\qpn\include\qepn.h" 337 1 Info 755: global macro 'Q_HANDLED' (line 337, file C:\qp_lab\qpn\include\qepn.h) not referenced
"C:\qp_lab\qpn\include\qepn.h" 295 1 Info 755: global macro 'Q_HSM_UPCAST' (line 295, file C:\qp_lab\qpn\include\qepn.h) not referenced
"C:\qp_lab\qpn\include\qepn.h" 442 1 Info 755: global macro 'Q_DIM' (line 442, file C:\qp_lab\qpn\include\qepn.h) not referenced
"C:\qp_lab\qpn\include\qassert.h" 146 1 Info 755: global macro 'Q_ALLEGE' (line 146, file C:\qp_lab\qpn\include\qassert.h) not referenced
"C:\qp_lab\qpn\include\qassert.h" 161 1 Info 755: global macro 'Q_ALLEGE_ID' (line 161, file C:\qp_lab\qpn\include\qassert.h) not referenced
"C:\qp_lab\qpn\include\qepn.h" 366 1 Info 755: global macro 'Q_UINT2PTR_CAST' (line 366, file C:\qp_lab\qpn\include\qepn.h) not referenced
"C:\qp_lab\qpn\include\qkn.h" 93 1 Info 755: global macro 'QK_SCHEDULE_' (line 93, file C:\qp_lab\qpn\include\qkn.h) not referenced
"C:\qp_lab\qpn\ports\lint\stdbool.h" 22 1 Info 755: global macro '__bool_true_false_are_defined' (line 22, file C:\qp_lab\qpn\ports\lint\stdbool.h) not referenced
"C:\qp_lab\qpn\include\qepn.h" 259 1 Info 758: global enum '(untagged)' (line 259, file C:\qp_lab\qpn\include\qepn.h) not referenced
"C:\qp_lab\qpn\include\qepn.h" 183 1 Info 768: global struct member 'QHsm::state' (line 183, file C:\qp_lab\qpn\include\qepn.h) not referenced
"C:\qp_lab\qpn\include\qepn.h" 184 1 Info 768: global struct member 'QHsm::temp' (line 184, file C:\qp_lab\qpn\include\qepn.h) not referenced
"C:\qp_lab\qpn\include\qepn.h" 261 1 Info 769: global enumeration constant 'Q_RET_SUPER' (line 261, file C:\qp_lab\qpn\include\qepn.h) not referenced
"C:\qp_lab\qpn\include\qepn.h" 262 1 Info 769: global enumeration constant 'Q_RET_SUPER_SUB' (line 262, file C:\qp_lab\qpn\include\qepn.h) not referenced
"C:\qp_lab\qpn\include\qepn.h" 263 1 Info 769: global enumeration constant 'Q_RET_UNHANDLED' (line 263, file C:\qp_lab\qpn\include\qepn.h) not referenced
"C:\qp_lab\qpn\include\qepn.h" 266 1 Info 769: global enumeration constant 'Q_RET_HANDLED' (line 266, file C:\qp_lab\qpn\include\qepn.h) not referenced
"C:\qp_lab\qpn\include\qepn.h" 267 1 Info 769: global enumeration constant 'Q_RET_IGNORED' (line 267, file C:\qp_lab\qpn\include\qepn.h) not referenced
"C:\qp_lab\qpn\include\qepn.h" 270 1 Info 769: global enumeration constant 'Q_RET_ENTRY' (line 270, file C:\qp_lab\qpn\include\qepn.h) not referenced
"C:\qp_lab\qpn\include\qepn.h" 271 1 Info 769: global enumeration constant 'Q_RET_EXIT' (line 271, file C:\qp_lab\qpn\include\qepn.h) not referenced
"C:\qp_lab\qpn\include\qepn.h" 274 1 Info 769: global enumeration constant 'Q_RET_NULL' (line 274, file C:\qp_lab\qpn\include\qepn.h) not referenced
"C:\qp_lab\qpn\include\qepn.h" 277 1 Info 769: global enumeration constant 'Q_RET_TRAN' (line 277, file C:\qp_lab\qpn\include\qepn.h) not referenced
"C:\qp_lab\qpn\include\qepn.h" 278 1 Info 769: global enumeration constant 'Q_RET_TRAN_INIT' (line 278, file C:\qp_lab\qpn\include\qepn.h) not referenced
"C:\qp_lab\qpn\include\qepn.h" 279 1 Info 769: global enumeration constant 'Q_RET_TRAN_HIST' (line 279, file C:\qp_lab\qpn\include\qepn.h) not referenced
"C:\qp_lab\qpn\include\qepn.h" 348 1 Info 769: global enumeration constant 'Q_ENTRY_SIG' (line 348, file C:\qp_lab\qpn\include\qepn.h) not referenced
"C:\qp_lab\qpn\include\qepn.h" 349 1 Info 769: global enumeration constant 'Q_EXIT_SIG' (line 349, file C:\qp_lab\qpn\include\qepn.h) not referenced
"C:\qp_lab\qpn\include\qepn.h" 350 1 Info 769: global enumeration constant 'Q_INIT_SIG' (line 350, file C:\qp_lab\qpn\include\qepn.h) not referenced
"C:\qp_lab\qpn\include\qepn.h" 352 1 Info 769: global enumeration constant 'Q_TIMEOUT1_SIG' (line 352, file C:\qp_lab\qpn\include\qepn.h) not referenced
"C:\qp_lab\qpn\include\qepn.h" 353 1 Info 769: global enumeration constant 'Q_TIMEOUT2_SIG' (line 353, file C:\qp_lab\qpn\include\qepn.h) not referenced
"C:\qp_lab\qpn\include\qepn.h" 354 1 Info 769: global enumeration constant 'Q_TIMEOUT3_SIG' (line 354, file C:\qp_lab\qpn\include\qepn.h) not referenced
"C:\qp_lab\qpn\include\qepn.h" 355 1 Info 769: global enumeration constant 'Q_USER_SIG' (line 355, file C:\qp_lab\qpn\include\qepn.h) not referenced
"C:\qp_lab\qpn\include\qfn.h" 154 1 Info 768: global struct member 'QActiveVtbl::post' (line 154, file C:\qp_lab\qpn\include\qfn.h) not referenced

Count   Type    Number  Text

10      Warning 526     Symbol '___' (___) not defined
1       Warning 552     Symbol '___' (___) not accessed
6       Info    714     Symbol '___' (___) not referenced
34      Info    755     global macro '___' (___) not referenced
12      Info    756     global typedef '___' (___) not referenced
5       Info    757     global declarator '___' (___) not referenced
1       Info    758     global ___ '___' (___) not referenced
9       Info    759     header declaration for symbol '___' defined at (___) could be moved from header to module
9       Info    765     external '___' (___) could be made static
3       Info    768     global struct member '___' (___) not referenced
18      Info    769     global enumeration constant '___' (___) not referenced
13      Note    960     Violates MISRA 2004 Required Rule ___, ___
